[----] Criterion v2.3.3
[====] Running 1 test from basecode_suite:
[RUN ] basecode_suite::mush_eof_test
Aborted (core dumped)
[----] tests/base_tests.c:16: Assertion failed: Program exited with 134 instead of EXIT_SUCCESS
[FAIL] basecode_suite::mush_eof_test: (0.01s)
[====] Running 3 tests from blackbox_suite:
[RUN ] blackbox_suite::source_file
echo: write error: Bad file descriptor
Couldn't open source file: 'tmp/source_file.out'
Couldn't open source file: 'tmp/source_file.out'
Aborted (core dumped)
[----] tests/__grading_helpers.c:77: Assertion failed: Program exited with 134 instead of EXIT_SUCCESS
[FAIL] blackbox_suite::source_file: (0.02s)
[RUN ] blackbox_suite::valgrind_complex
[----] tests/__grading_helpers.c:68: Assertion failed: The program terminated with an unexpected signal (6).
[FAIL] blackbox_suite::valgrind_complex: (3.09s)
[RUN ] blackbox_suite::valgrind_simple
[FAIL] blackbox_suite::valgrind_simple: Timed out. (10.00s)
[====] Running 18 tests from jobs_suite:
[RUN ] jobs_suite::cancel_invalid
[----] tests/jobs_tests.c:166: Unexpected signal caught below this line!
[FAIL] jobs_suite::cancel_invalid: CRASH!
[RUN ] jobs_suite::cancel_terminated_job
[----] tests/jobs_tests.c:172: Unexpected signal caught below this line!
[FAIL] jobs_suite::cancel_terminated_job: CRASH!
[RUN ] jobs_suite::capture_long_output
echo: write error: Bad file descriptor
[----] tests/jobs_tests.c:212: Unexpected signal caught below this line!
[FAIL] jobs_suite::capture_long_output: CRASH!
[RUN ] jobs_suite::get_output_invalid
echo: write error: Bad file descriptor
[----] tests/jobs_tests.c:233: Unexpected signal caught below this line!
[FAIL] jobs_suite::get_output_invalid: CRASH!
[RUN ] jobs_suite::input_redirection
cat: -: input file is output file
[ERR ] Received message identified by a PID '194320' that is not a child process.
[FAIL] jobs_suite::input_redirection: Timed out. (5.00s)
[RUN ] jobs_suite::output_redirection
echo: write error: Bad file descriptor
[----] tests/jobs_tests.c:55: Unexpected signal caught below this line!
[FAIL] jobs_suite::output_redirection: CRASH!
[RUN ] jobs_suite::poll_invalid
[----] tests/jobs_tests.c:145: Unexpected signal caught below this line!
[FAIL] jobs_suite::poll_invalid: CRASH!
[RUN ] jobs_suite::run_background
echo: write error: Bad file descriptor
[ERR ] Received message identified by a PID '194437' that is not a child process.
[FAIL] jobs_suite::run_background: Timed out. (5.00s)
[RUN ] jobs_suite::run_pipeline
[ERR ] Received message identified by a PID '194546' that is not a child process.
[FAIL] jobs_suite::run_pipeline: Timed out. (5.00s)
[RUN ] jobs_suite::simple_cancel
[FAIL] jobs_suite::simple_cancel: Timed out. (5.01s)
[RUN ] jobs_suite::simple_expunge
[ERR ] Received message identified by a PID '194756' that is not a child process.
[FAIL] jobs_suite::simple_expunge: Timed out. (5.00s)
[RUN ] jobs_suite::simple_get_output
echo: write error: Bad file descriptor
[----] tests/jobs_tests.c:198: Unexpected signal caught below this line!
[FAIL] jobs_suite::simple_get_output: CRASH!
[RUN ] jobs_suite::simple_pause
[----] tests/jobs_tests.c:186: Unexpected signal caught below this line!
[FAIL] jobs_suite::simple_pause: CRASH!
[RUN ] jobs_suite::simple_run
echo: write error: Bad file descriptor
[ERR ] Received message identified by a PID '194894' that is not a child process.
[FAIL] jobs_suite::simple_run: Timed out. (5.00s)
[RUN ] jobs_suite::simple_show
date: write error: Bad file descriptor
[ERR ] Received message identified by a PID '195007' that is not a child process.
[FAIL] jobs_suite::simple_show: Timed out. (5.00s)
[RUN ] jobs_suite::wait_and_poll
[----] tests/jobs_tests.c:105: Unexpected signal caught below this line!
[FAIL] jobs_suite::wait_and_poll: CRASH!
[RUN ] jobs_suite::wait_expunged_job
[----] tests/jobs_tests.c:121: Unexpected signal caught below this line!
[FAIL] jobs_suite::wait_expunged_job: CRASH!
[RUN ] jobs_suite::wait_invalid_job
[----] tests/__grading_helpers.c:88: Assertion failed: Program exited with 0 instead of -1
[FAIL] jobs_suite::wait_invalid_job: (0.00s)
[----] Warning! The test `jobs_suite::wait_invalid_job` crashed during its setup or teardown.
[====] Running 16 tests from program_suite:
[RUN ] program_suite::prog_delete_after_pc
[PASS] program_suite::prog_delete_after_pc: (0.00s)
[RUN ] program_suite::prog_delete_all
[PASS] program_suite::prog_delete_all: (0.00s)
[RUN ] program_suite::prog_delete_at_pc
[PASS] program_suite::prog_delete_at_pc: (0.00s)
[RUN ] program_suite::prog_delete_before_pc
[PASS] program_suite::prog_delete_before_pc: (0.00s)
[RUN ] program_suite::prog_fetch
[PASS] program_suite::prog_fetch: (0.00s)
[RUN ] program_suite::prog_fetch_beyond
[PASS] program_suite::prog_fetch_beyond: (0.00s)
[RUN ] program_suite::prog_fetch_empty
[PASS] program_suite::prog_fetch_empty: (0.00s)
[RUN ] program_suite::prog_goto_invalid
[PASS] program_suite::prog_goto_invalid: (0.00s)
[RUN ] program_suite::prog_goto_valid
[PASS] program_suite::prog_goto_valid: (0.00s)
[RUN ] program_suite::prog_insert_beginning
[PASS] program_suite::prog_insert_beginning: (0.00s)
[RUN ] program_suite::prog_insert_end
[PASS] program_suite::prog_insert_end: (0.00s)
[RUN ] program_suite::prog_insert_middle
[PASS] program_suite::prog_insert_middle: (0.00s)
[RUN ] program_suite::prog_insert_replace
[PASS] program_suite::prog_insert_replace: (0.00s)
[RUN ] program_suite::prog_list
[PASS] program_suite::prog_list: (0.00s)
[RUN ] program_suite::prog_next_empty
[PASS] program_suite::prog_next_empty: (0.00s)
[RUN ] program_suite::prog_reset_fetch
[PASS] program_suite::prog_reset_fetch: (0.00s)
[====] Running 9 tests from store_suite:
[RUN ] store_suite::store_get_int_from_string
[PASS] store_suite::store_get_int_from_string: (0.00s)
[RUN ] store_suite::store_get_int_invalid
[PASS] store_suite::store_get_int_invalid: (0.00s)
[RUN ] store_suite::store_get_int_non_exist
[PASS] store_suite::store_get_int_non_exist: (0.00s)
[RUN ] store_suite::store_get_string_non_exist
[PASS] store_suite::store_get_string_non_exist: (0.00s)
[RUN ] store_suite::store_set_int_new
[PASS] store_suite::store_set_int_new: (0.00s)
[RUN ] store_suite::store_set_int_replace
[PASS] store_suite::store_set_int_replace: (0.00s)
[RUN ] store_suite::store_set_string_delete
[PASS] store_suite::store_set_string_delete: (0.00s)
[RUN ] store_suite::store_set_string_new
[PASS] store_suite::store_set_string_new: (0.00s)
[RUN ] store_suite::store_set_string_replace
[PASS] store_suite::store_set_string_replace: (0.00s)
[----] Writing xml report in `crit.xml`.
[====] Synthesis: Tested: 47 | Passing: 25 | Failing: 22 | Crashing: 10 
